2023-07-22 00:11:12.716  INFO 15800 --- [main] v.n.jobdatabase.JobDatabaseApplication   : Starting JobDatabaseApplication using Java 1.8.0_321 on ND-Senses with PID 15800 (D:\example\jobs\job-database\target\classes started by admin in D:\example\jobs)
2023-07-22 00:11:12.719  INFO 15800 --- [main] v.n.jobdatabase.JobDatabaseApplication   : No active profile set, falling back to 1 default profile: "default"
2023-07-22 00:11:13.363  INFO 15800 --- [main] .s.d.r.c.RepositoryConfigurationDelegate : Bootstrapping Spring Data JPA repositories in DEFAULT mode.
2023-07-22 00:11:13.382  INFO 15800 --- [main] .s.d.r.c.RepositoryConfigurationDelegate : Finished Spring Data repository scanning in 7 ms. Found 0 JPA repository interfaces.
2023-07-22 00:11:13.715  INFO 15800 --- [main] v.ndm.jobdatabase.service.DetectService  : #Init DetectService 
2023-07-22 00:11:13.715  INFO 15800 --- [main] v.n.j.service.ExportDLLService           : #processExport
2023-07-22 00:11:13.717  INFO 15800 --- [main] com.zaxxer.hikari.HikariDataSource       : HikariPool-1 - Starting...
2023-07-22 00:11:36.275 ERROR 15800 --- [main] com.zaxxer.hikari.pool.HikariPool        : HikariPool-1 - Exception during pool initialization.

java.sql.SQLRecoverableException: IO Error: The Network Adapter could not establish the connection
	at oracle.jdbc.driver.T4CConnection.logon(T4CConnection.java:854) ~[ojdbc8-19.3.0.0.jar:19.3.0.0.0]
	at oracle.jdbc.driver.PhysicalConnection.connect(PhysicalConnection.java:793) ~[ojdbc8-19.3.0.0.jar:19.3.0.0.0]
	at oracle.jdbc.driver.T4CDriverExtension.getConnection(T4CDriverExtension.java:57) ~[ojdbc8-19.3.0.0.jar:19.3.0.0.0]
	at oracle.jdbc.driver.OracleDriver.connect(OracleDriver.java:747) ~[ojdbc8-19.3.0.0.jar:19.3.0.0.0]
	at oracle.jdbc.driver.OracleDriver.connect(OracleDriver.java:562) ~[ojdbc8-19.3.0.0.jar:19.3.0.0.0]
	at com.zaxxer.hikari.util.DriverDataSource.getConnection(DriverDataSource.java:138) ~[HikariCP-4.0.3.jar:na]
	at com.zaxxer.hikari.pool.PoolBase.newConnection(PoolBase.java:364) ~[HikariCP-4.0.3.jar:na]
	at com.zaxxer.hikari.pool.PoolBase.newPoolEntry(PoolBase.java:206) ~[HikariCP-4.0.3.jar:na]
	at com.zaxxer.hikari.pool.HikariPool.createPoolEntry(HikariPool.java:476) [HikariCP-4.0.3.jar:na]
	at com.zaxxer.hikari.pool.HikariPool.checkFailFast(HikariPool.java:561) [HikariCP-4.0.3.jar:na]
	at com.zaxxer.hikari.pool.HikariPool.<init>(HikariPool.java:115) [HikariCP-4.0.3.jar:na]
	at com.zaxxer.hikari.HikariDataSource.getConnection(HikariDataSource.java:112) [HikariCP-4.0.3.jar:na]
	at vn.ndm.jobdatabase.service.ExportDLLService.processExport(ExportDLLService.java:34) [classes/:na]
	at vn.ndm.jobdatabase.service.DetectService.init(DetectService.java:31) [classes/:na]
	at sun.reflect.NativeMethodAccessorImpl.invoke0(Native Method) ~[na:1.8.0_321]
	at sun.reflect.NativeMethodAccessorImpl.invoke(NativeMethodAccessorImpl.java:62) ~[na:1.8.0_321]
	at sun.reflect.DelegatingMethodAccessorImpl.invoke(DelegatingMethodAccessorImpl.java:43) ~[na:1.8.0_321]
	at java.lang.reflect.Method.invoke(Method.java:498) ~[na:1.8.0_321]
	at org.springframework.beans.factory.annotation.InitDestroyAnnotationBeanPostProcessor$LifecycleElement.invoke(InitDestroyAnnotationBeanPostProcessor.java:389) [spring-beans-5.3.23.jar:5.3.23]
	at org.springframework.beans.factory.annotation.InitDestroyAnnotationBeanPostProcessor$LifecycleMetadata.invokeInitMethods(InitDestroyAnnotationBeanPostProcessor.java:333) [spring-beans-5.3.23.jar:5.3.23]
	at org.springframework.beans.factory.annotation.InitDestroyAnnotationBeanPostProcessor.postProcessBeforeInitialization(InitDestroyAnnotationBeanPostProcessor.java:157) [spring-beans-5.3.23.jar:5.3.23]
	at org.springframework.beans.factory.support.AbstractAutowireCapableBeanFactory.applyBeanPostProcessorsBeforeInitialization(AbstractAutowireCapableBeanFactory.java:440) [spring-beans-5.3.23.jar:5.3.23]
	at org.springframework.beans.factory.support.AbstractAutowireCapableBeanFactory.initializeBean(AbstractAutowireCapableBeanFactory.java:1796) [spring-beans-5.3.23.jar:5.3.23]
	at org.springframework.beans.factory.support.AbstractAutowireCapableBeanFactory.doCreateBean(AbstractAutowireCapableBeanFactory.java:620) [spring-beans-5.3.23.jar:5.3.23]
	at org.springframework.beans.factory.support.AbstractAutowireCapableBeanFactory.createBean(AbstractAutowireCapableBeanFactory.java:542) [spring-beans-5.3.23.jar:5.3.23]
	at org.springframework.beans.factory.support.AbstractBeanFactory.lambda$doGetBean$0(AbstractBeanFactory.java:335) [spring-beans-5.3.23.jar:5.3.23]
	at org.springframework.beans.factory.support.DefaultSingletonBeanRegistry.getSingleton(DefaultSingletonBeanRegistry.java:234) ~[spring-beans-5.3.23.jar:5.3.23]
	at org.springframework.beans.factory.support.AbstractBeanFactory.doGetBean(AbstractBeanFactory.java:333) [spring-beans-5.3.23.jar:5.3.23]
	at org.springframework.beans.factory.support.AbstractBeanFactory.getBean(AbstractBeanFactory.java:208) [spring-beans-5.3.23.jar:5.3.23]
	at org.springframework.beans.factory.support.DefaultListableBeanFactory.preInstantiateSingletons(DefaultListableBeanFactory.java:955) ~[spring-beans-5.3.23.jar:5.3.23]
	at org.springframework.context.support.AbstractApplicationContext.finishBeanFactoryInitialization(AbstractApplicationContext.java:918) ~[spring-context-5.3.23.jar:5.3.23]
	at org.springframework.context.support.AbstractApplicationContext.refresh(AbstractApplicationContext.java:583) ~[spring-context-5.3.23.jar:5.3.23]
	at org.springframework.boot.SpringApplication.refresh(SpringApplication.java:734) ~[spring-boot-2.7.4.jar:2.7.4]
	at org.springframework.boot.SpringApplication.refreshContext(SpringApplication.java:408) ~[spring-boot-2.7.4.jar:2.7.4]
	at org.springframework.boot.SpringApplication.run(SpringApplication.java:308) ~[spring-boot-2.7.4.jar:2.7.4]
	at org.springframework.boot.SpringApplication.run(SpringApplication.java:1306) ~[spring-boot-2.7.4.jar:2.7.4]
	at org.springframework.boot.SpringApplication.run(SpringApplication.java:1295) ~[spring-boot-2.7.4.jar:2.7.4]
	at vn.ndm.jobdatabase.JobDatabaseApplication.main(JobDatabaseApplication.java:10) ~[classes/:na]
Caused by: oracle.net.ns.NetException: The Network Adapter could not establish the connection
	at oracle.net.nt.ConnStrategy.execute(ConnStrategy.java:571) ~[ojdbc8-19.3.0.0.jar:19.3.0.0.0]
	at oracle.net.resolver.AddrResolution.resolveAndExecute(AddrResolution.java:548) ~[ojdbc8-19.3.0.0.jar:19.3.0.0.0]
	at oracle.net.ns.NSProtocol.establishConnection(NSProtocol.java:682) ~[ojdbc8-19.3.0.0.jar:19.3.0.0.0]
	at oracle.net.ns.NSProtocol.connect(NSProtocol.java:309) ~[ojdbc8-19.3.0.0.jar:19.3.0.0.0]
	at oracle.jdbc.driver.T4CConnection.connect(T4CConnection.java:1596) ~[ojdbc8-19.3.0.0.jar:19.3.0.0.0]
	at oracle.jdbc.driver.T4CConnection.logon(T4CConnection.java:588) ~[ojdbc8-19.3.0.0.jar:19.3.0.0.0]
	... 37 common frames omitted
Caused by: java.io.IOException: Connection timed out: connect, socket connect lapse 21044 ms. /10.252.10.246 1521 30000 1 true
	at oracle.net.nt.TcpNTAdapter.connect(TcpNTAdapter.java:233) ~[ojdbc8-19.3.0.0.jar:19.3.0.0.0]
	at oracle.net.nt.ConnOption.connect(ConnOption.java:174) ~[ojdbc8-19.3.0.0.jar:19.3.0.0.0]
	at oracle.net.nt.ConnStrategy.execute(ConnStrategy.java:510) ~[ojdbc8-19.3.0.0.jar:19.3.0.0.0]
	... 42 common frames omitted
Caused by: java.net.ConnectException: Connection timed out: connect
	at sun.nio.ch.Net.connect0(Native Method) ~[na:1.8.0_321]
	at sun.nio.ch.Net.connect(Net.java:459) ~[na:1.8.0_321]
	at sun.nio.ch.Net.connect(Net.java:451) ~[na:1.8.0_321]
	at sun.nio.ch.SocketChannelImpl.connect(SocketChannelImpl.java:646) ~[na:1.8.0_321]
	at java.nio.channels.SocketChannel.open(SocketChannel.java:189) ~[na:1.8.0_321]
	at oracle.net.nt.TimeoutSocketChannel.connect(TimeoutSocketChannel.java:99) ~[ojdbc8-19.3.0.0.jar:19.3.0.0.0]
	at oracle.net.nt.TimeoutSocketChannel.<init>(TimeoutSocketChannel.java:77) ~[ojdbc8-19.3.0.0.jar:19.3.0.0.0]
	at oracle.net.nt.TcpNTAdapter.connect(TcpNTAdapter.java:192) ~[ojdbc8-19.3.0.0.jar:19.3.0.0.0]
	... 44 common frames omitted

2023-07-22 00:11:36.397  INFO 15800 --- [main] v.n.jobdatabase.JobDatabaseApplication   : Started JobDatabaseApplication in 24.43 seconds (JVM running for 26.015)
2023-07-22 00:16:36.612  INFO 16492 --- [main] v.n.jobdatabase.JobDatabaseApplication   : Starting JobDatabaseApplication using Java 1.8.0_321 on ND-Senses with PID 16492 (D:\example\jobs\job-database\target\classes started by admin in D:\example\jobs)
2023-07-22 00:16:36.615  INFO 16492 --- [main] v.n.jobdatabase.JobDatabaseApplication   : No active profile set, falling back to 1 default profile: "default"
2023-07-22 00:16:37.082  INFO 16492 --- [main] .s.d.r.c.RepositoryConfigurationDelegate : Bootstrapping Spring Data JPA repositories in DEFAULT mode.
2023-07-22 00:16:37.105  INFO 16492 --- [main] .s.d.r.c.RepositoryConfigurationDelegate : Finished Spring Data repository scanning in 10 ms. Found 0 JPA repository interfaces.
2023-07-22 00:16:37.386  INFO 16492 --- [main] v.ndm.jobdatabase.service.DetectService  : #Init DetectService 
2023-07-22 00:16:37.386  INFO 16492 --- [main] v.n.j.service.ExportDLLService           : #processExport
2023-07-22 00:16:37.387  INFO 16492 --- [main] com.zaxxer.hikari.HikariDataSource       : HikariPool-1 - Starting...
