2023-11-20 13:40:43.805  INFO 18184 --- [main] v.n.jobdatabase.JobDatabaseApplication   : Starting JobDatabaseApplication using Java 1.8.0_321 on VIRUS-BUG with PID 18184 (D:\example\jobs\job-database\target\classes started by admin in D:\example\jobs\job-database)
2023-11-20 13:40:43.808  INFO 18184 --- [main] v.n.jobdatabase.JobDatabaseApplication   : No active profile set, falling back to 1 default profile: "default"
2023-11-20 13:40:44.353  INFO 18184 --- [main] .s.d.r.c.RepositoryConfigurationDelegate : Bootstrapping Spring Data JPA repositories in DEFAULT mode.
2023-11-20 13:40:44.373  INFO 18184 --- [main] .s.d.r.c.RepositoryConfigurationDelegate : Finished Spring Data repository scanning in 6 ms. Found 0 JPA repository interfaces.
2023-11-20 13:40:44.711  INFO 18184 --- [main] v.ndm.jobdatabase.service.DetectService  : #Init DetectService type: DLL
2023-11-20 13:40:44.712  INFO 18184 --- [main] v.n.j.service.ExportDLLService           : #processExport
2023-11-20 13:40:44.714  INFO 18184 --- [taskExecutor-1] com.zaxxer.hikari.HikariDataSource       : HikariPool-1 - Starting...
2023-11-20 13:40:44.832  INFO 18184 --- [main] v.n.jobdatabase.JobDatabaseApplication   : Started JobDatabaseApplication in 1.708 seconds (JVM running for 3.157)
2023-11-20 13:40:45.754  INFO 18184 --- [taskExecutor-1] com.zaxxer.hikari.HikariDataSource       : HikariPool-1 - Start completed.
2023-11-20 13:40:47.946  INFO 18184 --- [taskExecutor-1] vn.ndm.jobdatabase.utils.FileUtils       : Create folder Package success!
2023-11-20 13:40:47.959  INFO 18184 --- [taskExecutor-1] v.n.j.service.ExportDLLService           : Export Success file: DLL/ADMIN_MSOCIAL_SG/Package/PK_FILEMANAGER.sql
2023-11-20 13:40:47.965  INFO 18184 --- [taskExecutor-1] v.n.j.service.ExportDLLService           : Export Success file: DLL/ADMIN_MSOCIAL_SG/Package/PK_FILE_STORE.sql
2023-11-20 13:40:47.981  INFO 18184 --- [taskExecutor-1] v.n.j.service.ExportDLLService           : Export Success file: DLL/ADMIN_MSOCIAL_SG/Package/PK_GROUPS_MANAGEMENT.sql
2023-11-20 13:40:47.993  INFO 18184 --- [taskExecutor-1] v.n.j.service.ExportDLLService           : Export Success file: DLL/ADMIN_MSOCIAL_SG/Package/PK_GROUPS_ROLE_MANAGEMENT.sql
2023-11-20 13:40:47.999  INFO 18184 --- [taskExecutor-1] v.n.j.service.ExportDLLService           : Export Success file: DLL/ADMIN_MSOCIAL_SG/Package/PK_LCD.sql
2023-11-20 13:40:48.004  INFO 18184 --- [taskExecutor-1] v.n.j.service.ExportDLLService           : Export Success file: DLL/ADMIN_MSOCIAL_SG/Package/PK_LCD_HIENDV.sql
2023-11-20 13:40:48.006  INFO 18184 --- [taskExecutor-1] v.n.j.service.ExportDLLService           : Export Success file: DLL/ADMIN_MSOCIAL_SG/Package/PK_LOG_USER.sql
2023-11-20 13:40:48.012  INFO 18184 --- [taskExecutor-1] v.n.j.service.ExportDLLService           : Export Success file: DLL/ADMIN_MSOCIAL_SG/Package/PK_MONITORUSERS.sql
2023-11-20 13:40:48.033  INFO 18184 --- [taskExecutor-1] v.n.j.service.ExportDLLService           : Export Success file: DLL/ADMIN_MSOCIAL_SG/Package/PK_MSOCIAL_CSKH.sql
2023-11-20 13:40:48.051  INFO 18184 --- [taskExecutor-1] v.n.j.service.ExportDLLService           : Export Success file: DLL/ADMIN_MSOCIAL_SG/Package/PK_NEWS.sql
2023-11-20 13:40:49.597  INFO 18184 --- [taskExecutor-1] v.n.j.service.ExportDLLService           : Export Success file: DLL/ADMIN_MSOCIAL_SG/Package/PK_PACKAGE_CMD.sql
2023-11-20 13:40:49.602  INFO 18184 --- [taskExecutor-1] v.n.j.service.ExportDLLService           : Export Success file: DLL/ADMIN_MSOCIAL_SG/Package/PK_PHANQUYEN_NGUOIDUNG.sql
2023-11-20 13:40:49.644  INFO 18184 --- [taskExecutor-1] v.n.j.service.ExportDLLService           : Export Success file: DLL/ADMIN_MSOCIAL_SG/Package/PK_PROMOTION.sql
2023-11-20 13:40:49.654  INFO 18184 --- [taskExecutor-1] v.n.j.service.ExportDLLService           : Export Success file: DLL/ADMIN_MSOCIAL_SG/Package/PK_PRO_CLASSIFY.sql
2023-11-20 13:40:49.704  INFO 18184 --- [taskExecutor-1] v.n.j.service.ExportDLLService           : Export Success file: DLL/ADMIN_MSOCIAL_SG/Package/PK_QUANLYDANHMUC.sql
2023-11-20 13:40:49.706  INFO 18184 --- [taskExecutor-1] v.n.j.service.ExportDLLService           : Export Success file: DLL/ADMIN_MSOCIAL_SG/Package/PK_REGISTER_HISTORY.sql
2023-11-20 13:40:49.749  INFO 18184 --- [taskExecutor-1] v.n.j.service.ExportDLLService           : Export Success file: DLL/ADMIN_MSOCIAL_SG/Package/PK_REPORT.sql
2023-11-20 13:40:49.754  INFO 18184 --- [taskExecutor-1] v.n.j.service.ExportDLLService           : Export Success file: DLL/ADMIN_MSOCIAL_SG/Package/PK_REPORTUSSD.sql
2023-11-20 13:40:49.756  INFO 18184 --- [taskExecutor-1] v.n.j.service.ExportDLLService           : Export Success file: DLL/ADMIN_MSOCIAL_SG/Package/PK_REPORT_MMS_LOG_SEND.sql
2023-11-20 13:40:49.756  INFO 18184 --- [taskExecutor-1] v.n.j.service.ExportDLLService           : Export Success file: DLL/ADMIN_MSOCIAL_SG/Package/PK_REPORT_RTC_TK.sql
2023-11-20 13:40:50.519  INFO 18184 --- [taskExecutor-1] v.n.j.service.ExportDLLService           : Export Success file: DLL/ADMIN_MSOCIAL_SG/Package/PK_REPORT_TONGHOP.sql
2023-11-20 13:40:50.523  INFO 18184 --- [taskExecutor-1] v.n.j.service.ExportDLLService           : Export Success file: DLL/ADMIN_MSOCIAL_SG/Package/PK_RESEND_USSD_INFORMATION.sql
2023-11-20 13:40:50.524  INFO 18184 --- [taskExecutor-1] v.n.j.service.ExportDLLService           : Export Success file: DLL/ADMIN_MSOCIAL_SG/Package/PK_RESPONSE.sql
2023-11-20 13:40:50.530  INFO 18184 --- [taskExecutor-1] v.n.j.service.ExportDLLService           : Export Success file: DLL/ADMIN_MSOCIAL_SG/Package/PK_RSS_MANAGEMENT.sql
2023-11-20 13:40:50.536  INFO 18184 --- [taskExecutor-1] v.n.j.service.ExportDLLService           : Export Success file: DLL/ADMIN_MSOCIAL_SG/Package/PK_SAOLUU.sql
2023-11-20 13:40:50.548  INFO 18184 --- [taskExecutor-1] v.n.j.service.ExportDLLService           : Export Success file: DLL/ADMIN_MSOCIAL_SG/Package/PK_SCHEDULE.sql
2023-11-20 13:40:50.562  INFO 18184 --- [taskExecutor-1] v.n.j.service.ExportDLLService           : Export Success file: DLL/ADMIN_MSOCIAL_SG/Package/PK_SCRIPT_SHOP_MANAGEMENT.sql
2023-11-20 13:40:50.570  INFO 18184 --- [taskExecutor-1] v.n.j.service.ExportDLLService           : Export Success file: DLL/ADMIN_MSOCIAL_SG/Package/PK_SCRIPT_TIP.sql
2023-11-20 13:40:50.570  INFO 18184 --- [taskExecutor-1] v.n.j.service.ExportDLLService           : Export Success file: DLL/ADMIN_MSOCIAL_SG/Package/PK_SELECT_MOBILE_MODEL.sql
2023-11-20 13:40:50.576  INFO 18184 --- [taskExecutor-1] v.n.j.service.ExportDLLService           : Export Success file: DLL/ADMIN_MSOCIAL_SG/Package/PK_SERVICETYPE.sql
2023-11-20 13:40:50.917  INFO 18184 --- [taskExecutor-1] v.n.j.service.ExportDLLService           : Export Success file: DLL/ADMIN_MSOCIAL_SG/Package/PK_SMS_HIS.sql
2023-11-20 13:40:51.195  INFO 18184 --- [taskExecutor-1] v.n.j.service.ExportDLLService           : Export Success file: DLL/ADMIN_MSOCIAL_SG/Package/PK_SPAM_TEMPLATE.sql
2023-11-20 13:40:51.197  INFO 18184 --- [taskExecutor-1] v.n.j.service.ExportDLLService           : Export Success file: DLL/ADMIN_MSOCIAL_SG/Package/PK_STATUS_DS.sql
2023-11-20 13:40:51.197  INFO 18184 --- [taskExecutor-1] v.n.j.service.ExportDLLService           : Export Success file: DLL/ADMIN_MSOCIAL_SG/Package/PK_STATUS_SYSTEM.sql
2023-11-20 13:40:51.198  INFO 18184 --- [taskExecutor-1] v.n.j.service.ExportDLLService           : Export Success file: DLL/ADMIN_MSOCIAL_SG/Package/PK_SUBSCRIPTION_STATUS.sql
2023-11-20 13:40:51.258  INFO 18184 --- [taskExecutor-1] v.n.j.service.ExportDLLService           : Export Success file: DLL/ADMIN_MSOCIAL_SG/Package/PK_SYNC_OFFLINE.sql
2023-11-20 13:40:51.331  INFO 18184 --- [taskExecutor-1] v.n.j.service.ExportDLLService           : Export Success file: DLL/ADMIN_MSOCIAL_SG/Package/PK_SYNC_ONLINE.sql
2023-11-20 13:40:51.458  INFO 18184 --- [taskExecutor-1] v.n.j.service.ExportDLLService           : Export Success file: DLL/ADMIN_MSOCIAL_SG/Package/PK_TIP_GAP.sql
2023-11-20 13:40:51.518  INFO 18184 --- [taskExecutor-1] v.n.j.service.ExportDLLService           : Export Success file: DLL/ADMIN_MSOCIAL_SG/Package/PK_TIP_TEMPLATE_FIX.sql
2023-11-20 13:40:51.545  INFO 18184 --- [taskExecutor-1] v.n.j.service.ExportDLLService           : Export Success file: DLL/ADMIN_MSOCIAL_SG/Package/PK_TIP_TYPE.sql
2023-11-20 13:40:51.943  INFO 18184 --- [taskExecutor-1] v.n.j.service.ExportDLLService           : Export Success file: DLL/ADMIN_MSOCIAL_SG/Package/PK_TK_CTDS_SMS.sql
2023-11-20 13:40:51.944  INFO 18184 --- [taskExecutor-1] v.n.j.service.ExportDLLService           : Export Success file: DLL/ADMIN_MSOCIAL_SG/Package/PK_TK_CTDS_USSD.sql
2023-11-20 13:40:51.946  INFO 18184 --- [taskExecutor-1] v.n.j.service.ExportDLLService           : Export Success file: DLL/ADMIN_MSOCIAL_SG/Package/PK_TK_DSCP_GKGH.sql
2023-11-20 13:40:51.952  INFO 18184 --- [taskExecutor-1] v.n.j.service.ExportDLLService           : Export Success file: DLL/ADMIN_MSOCIAL_SG/Package/PK_TK_LKN_CCND.sql
2023-11-20 13:40:51.960  INFO 18184 --- [taskExecutor-1] v.n.j.service.ExportDLLService           : Export Success file: DLL/ADMIN_MSOCIAL_SG/Package/PK_TK_LOGUSER.sql
2023-11-20 13:40:51.967  INFO 18184 --- [taskExecutor-1] v.n.j.service.ExportDLLService           : Export Success file: DLL/ADMIN_MSOCIAL_SG/Package/PK_TK_MOMT_HISTORY.sql
2023-11-20 13:40:51.972  INFO 18184 --- [taskExecutor-1] v.n.j.service.ExportDLLService           : Export Success file: DLL/ADMIN_MSOCIAL_SG/Package/PK_TK_REGISTER_HIS.sql
2023-11-20 13:40:51.973  INFO 18184 --- [taskExecutor-1] v.n.j.service.ExportDLLService           : Export Success file: DLL/ADMIN_MSOCIAL_SG/Package/PK_TK_SLCP_SMS.sql
2023-11-20 13:40:51.984  INFO 18184 --- [taskExecutor-1] v.n.j.service.ExportDLLService           : Export Success file: DLL/ADMIN_MSOCIAL_SG/Package/PK_TK_SLDT_SMS.sql
2023-11-20 13:40:51.990  INFO 18184 --- [taskExecutor-1] v.n.j.service.ExportDLLService           : Export Success file: DLL/ADMIN_MSOCIAL_SG/Package/PK_TK_SOTB_LSSD_USSD.sql
2023-11-20 13:40:52.663  INFO 18184 --- [taskExecutor-1] v.n.j.service.ExportDLLService           : Export Success file: DLL/ADMIN_MSOCIAL_SG/Package/PK_TK_SOTB_LSTD.sql
2023-11-20 13:40:52.668  INFO 18184 --- [taskExecutor-1] v.n.j.service.ExportDLLService           : Export Success file: DLL/ADMIN_MSOCIAL_SG/Package/PK_TK_SOTB_SMS.sql
2023-11-20 13:40:52.679  INFO 18184 --- [taskExecutor-1] v.n.j.service.ExportDLLService           : Export Success file: DLL/ADMIN_MSOCIAL_SG/Package/PK_TK_SOTB_USSD.sql
2023-11-20 13:40:52.683  INFO 18184 --- [taskExecutor-1] v.n.j.service.ExportDLLService           : Export Success file: DLL/ADMIN_MSOCIAL_SG/Package/PK_TK_TTKN_CMDV.sql
2023-11-20 13:40:52.711  INFO 18184 --- [taskExecutor-1] v.n.j.service.ExportDLLService           : Export Success file: DLL/ADMIN_MSOCIAL_SG/Package/PK_TRANSACTION_DETAIL.sql
2023-11-20 13:40:52.725  INFO 18184 --- [taskExecutor-1] v.n.j.service.ExportDLLService           : Export Success file: DLL/ADMIN_MSOCIAL_SG/Package/PK_TRIGGERVIEW.sql
2023-11-20 13:40:52.734  INFO 18184 --- [taskExecutor-1] v.n.j.service.ExportDLLService           : Export Success file: DLL/ADMIN_MSOCIAL_SG/Package/PK_UPDATE_BANNER.sql
2023-11-20 13:40:52.749  INFO 18184 --- [taskExecutor-1] v.n.j.service.ExportDLLService           : Export Success file: DLL/ADMIN_MSOCIAL_SG/Package/PK_UPDATE_GAME_SUPPORT_MODEL.sql
2023-11-20 13:40:52.769  INFO 18184 --- [taskExecutor-1] v.n.j.service.ExportDLLService           : Export Success file: DLL/ADMIN_MSOCIAL_SG/Package/PK_UPDATE_MMS_INFORMATION.sql
2023-11-20 13:40:52.809  INFO 18184 --- [taskExecutor-1] v.n.j.service.ExportDLLService           : Export Success file: DLL/ADMIN_MSOCIAL_SG/Package/PK_UPDATE_PRODUCT_INFORMATION.sql
2023-11-20 13:40:53.244  INFO 18184 --- [taskExecutor-1] v.n.j.service.ExportDLLService           : Export Success file: DLL/ADMIN_MSOCIAL_SG/Package/PK_UPDATE_REGISTER_HISTORY.sql
2023-11-20 13:40:53.276  INFO 18184 --- [taskExecutor-1] v.n.j.service.ExportDLLService           : Export Success file: DLL/ADMIN_MSOCIAL_SG/Package/PK_UPDATE_SMS_CATEGORY.sql
2023-11-20 13:40:53.329  INFO 18184 --- [taskExecutor-1] v.n.j.service.ExportDLLService           : Export Success file: DLL/ADMIN_MSOCIAL_SG/Package/PK_UPDATE_SMS_INFORMATION.sql
2023-11-20 13:40:53.356  INFO 18184 --- [taskExecutor-1] v.n.j.service.ExportDLLService           : Export Success file: DLL/ADMIN_MSOCIAL_SG/Package/PK_UPDATE_USSD_CATEGORY.sql
2023-11-20 13:40:53.381  INFO 18184 --- [taskExecutor-1] v.n.j.service.ExportDLLService           : Export Success file: DLL/ADMIN_MSOCIAL_SG/Package/PK_UPDATE_USSD_INFORMATION.sql
2023-11-20 13:40:53.382  INFO 18184 --- [taskExecutor-1] v.n.j.service.ExportDLLService           : Export Success file: DLL/ADMIN_MSOCIAL_SG/Package/PK_UPLOAD_FILE.sql
2023-11-20 13:40:53.383  INFO 18184 --- [taskExecutor-1] v.n.j.service.ExportDLLService           : Export Success file: DLL/ADMIN_MSOCIAL_SG/Package/PK_UPLOAD_FILE_MANAGEMENT.sql
2023-11-20 13:40:53.398  INFO 18184 --- [taskExecutor-1] v.n.j.service.ExportDLLService           : Export Success file: DLL/ADMIN_MSOCIAL_SG/Package/PK_USER_MANAGEMENT.sql
2023-11-20 13:40:53.402  INFO 18184 --- [taskExecutor-1] v.n.j.service.ExportDLLService           : Export Success file: DLL/ADMIN_MSOCIAL_SG/Package/PK_USSD_ADC_LOG.sql
2023-11-20 13:40:53.403  INFO 18184 --- [taskExecutor-1] v.n.j.service.ExportDLLService           : Export Success file: DLL/ADMIN_MSOCIAL_SG/Package/PK_USSD_HIS.sql
2023-11-20 13:40:55.032  INFO 18184 --- [taskExecutor-1] v.n.j.service.ExportDLLService           : Export Success file: DLL/ADMIN_MSOCIAL_SG/Package/PK_USSD_PRICE.sql
2023-11-20 13:40:55.034  INFO 18184 --- [taskExecutor-1] v.n.j.service.ExportDLLService           : Export Success file: DLL/ADMIN_MSOCIAL_SG/Package/PK_USSD_PRICE_MANAGEMENT.sql
2023-11-20 13:40:55.040  INFO 18184 --- [taskExecutor-1] v.n.j.service.ExportDLLService           : Export Success file: DLL/ADMIN_MSOCIAL_SG/Package/PK_USSD_RESPONSE.sql
2023-11-20 13:40:55.082  INFO 18184 --- [taskExecutor-1] v.n.j.service.ExportDLLService           : Export Success file: DLL/ADMIN_MSOCIAL_SG/Package/CMDV_VASGATE_CUSTOMERCARE.sql
2023-11-20 13:40:55.221  INFO 18184 --- [taskExecutor-1] v.n.j.service.ExportDLLService           : Export Success file: DLL/ADMIN_MSOCIAL_SG/Package/CMDV_VASGATE_REPORT.sql
2023-11-20 13:40:55.246  INFO 18184 --- [taskExecutor-1] v.n.j.service.ExportDLLService           : Export Success file: DLL/ADMIN_MSOCIAL_SG/Package/CMDV_VASGATE_REPORT2.sql
2023-11-20 13:40:55.251  INFO 18184 --- [taskExecutor-1] v.n.j.service.ExportDLLService           : Export Success file: DLL/ADMIN_MSOCIAL_SG/Package/COMMON.sql
2023-11-20 13:40:55.252  INFO 18184 --- [taskExecutor-1] v.n.j.service.ExportDLLService           : Export Success file: DLL/ADMIN_MSOCIAL_SG/Package/NEWS.sql
2023-11-20 13:40:55.258  INFO 18184 --- [taskExecutor-1] v.n.j.service.ExportDLLService           : Export Success file: DLL/ADMIN_MSOCIAL_SG/Package/PKG_CHANNEL.sql
2023-11-20 13:40:55.278  INFO 18184 --- [taskExecutor-1] v.n.j.service.ExportDLLService           : Export Success file: DLL/ADMIN_MSOCIAL_SG/Package/PKG_SERVICES.sql
2023-11-20 13:40:56.046  INFO 18184 --- [taskExecutor-1] v.n.j.service.ExportDLLService           : Export Success file: DLL/ADMIN_MSOCIAL_SG/Package/PKG_TIP_TEMPLATE_PRICE.sql
2023-11-20 13:40:56.047  INFO 18184 --- [taskExecutor-1] v.n.j.service.ExportDLLService           : Export Success file: DLL/ADMIN_MSOCIAL_SG/Package/PK_ADD_MACK.sql
2023-11-20 13:40:56.114  INFO 18184 --- [taskExecutor-1] v.n.j.service.ExportDLLService           : Export Success file: DLL/ADMIN_MSOCIAL_SG/Package/PK_AGENT_MANAGEMENT.sql
2023-11-20 13:40:56.129  INFO 18184 --- [taskExecutor-1] v.n.j.service.ExportDLLService           : Export Success file: DLL/ADMIN_MSOCIAL_SG/Package/PK_ARTIST.sql
2023-11-20 13:40:56.133  INFO 18184 --- [taskExecutor-1] v.n.j.service.ExportDLLService           : Export Success file: DLL/ADMIN_MSOCIAL_SG/Package/PK_BILLING_HISTORY.sql
2023-11-20 13:40:56.139  INFO 18184 --- [taskExecutor-1] v.n.j.service.ExportDLLService           : Export Success file: DLL/ADMIN_MSOCIAL_SG/Package/PK_BUCKET.sql
2023-11-20 13:40:56.151  INFO 18184 --- [taskExecutor-1] v.n.j.service.ExportDLLService           : Export Success file: DLL/ADMIN_MSOCIAL_SG/Package/PK_CATE_CLASSIFY.sql
2023-11-20 13:40:56.156  INFO 18184 --- [taskExecutor-1] v.n.j.service.ExportDLLService           : Export Success file: DLL/ADMIN_MSOCIAL_SG/Package/PK_CAUHINHHETHONG.sql
2023-11-20 13:40:56.161  INFO 18184 --- [taskExecutor-1] v.n.j.service.ExportDLLService           : Export Success file: DLL/ADMIN_MSOCIAL_SG/Package/PK_CAUHINHKHUYENMAI.sql
2023-11-20 13:40:56.184  INFO 18184 --- [taskExecutor-1] v.n.j.service.ExportDLLService           : Export Success file: DLL/ADMIN_MSOCIAL_SG/Package/PK_CBO.sql
2023-11-20 13:40:56.945  INFO 18184 --- [taskExecutor-1] v.n.j.service.ExportDLLService           : Export Success file: DLL/ADMIN_MSOCIAL_SG/Package/PK_CHARGE_CONFIG.sql
2023-11-20 13:40:56.971  INFO 18184 --- [taskExecutor-1] v.n.j.service.ExportDLLService           : Export Success file: DLL/ADMIN_MSOCIAL_SG/Package/PK_CHARSET.sql
2023-11-20 13:40:56.980  INFO 18184 --- [taskExecutor-1] v.n.j.service.ExportDLLService           : Export Success file: DLL/ADMIN_MSOCIAL_SG/Package/PK_CMDV_CHECK_PROFILE.sql
2023-11-20 13:40:57.002  INFO 18184 --- [taskExecutor-1] v.n.j.service.ExportDLLService           : Export Success file: DLL/ADMIN_MSOCIAL_SG/Package/PK_CMDV_MONITOR.sql
2023-11-20 13:40:57.008  INFO 18184 --- [taskExecutor-1] v.n.j.service.ExportDLLService           : Export Success file: DLL/ADMIN_MSOCIAL_SG/Package/PK_CMDV_RESPONSE_MESSAGE.sql
2023-11-20 13:40:57.028  INFO 18184 --- [taskExecutor-1] v.n.j.service.ExportDLLService           : Export Success file: DLL/ADMIN_MSOCIAL_SG/Package/PK_CMDV_SERVICES.sql
2023-11-20 13:40:57.032  INFO 18184 --- [taskExecutor-1] v.n.j.service.ExportDLLService           : Export Success file: DLL/ADMIN_MSOCIAL_SG/Package/PK_CMDV_SMSDETAIL.sql
2023-11-20 13:40:57.038  INFO 18184 --- [taskExecutor-1] v.n.j.service.ExportDLLService           : Export Success file: DLL/ADMIN_MSOCIAL_SG/Package/PK_CMDV_SMSHELP.sql
2023-11-20 13:40:57.046  INFO 18184 --- [taskExecutor-1] v.n.j.service.ExportDLLService           : Export Success file: DLL/ADMIN_MSOCIAL_SG/Package/PK_CMDV_SMSINFO.sql
2023-11-20 13:40:57.053  INFO 18184 --- [taskExecutor-1] v.n.j.service.ExportDLLService           : Export Success file: DLL/ADMIN_MSOCIAL_SG/Package/PK_CMDV_TRACK_SERVICES.sql
2023-11-20 13:40:58.200  INFO 18184 --- [taskExecutor-1] v.n.j.service.ExportDLLService           : Export Success file: DLL/ADMIN_MSOCIAL_SG/Package/PK_CMDV_USERCMD.sql
2023-11-20 13:40:58.206  INFO 18184 --- [taskExecutor-1] v.n.j.service.ExportDLLService           : Export Success file: DLL/ADMIN_MSOCIAL_SG/Package/PK_CONTENT_MANAGEMENT.sql
2023-11-20 13:40:58.247  INFO 18184 --- [taskExecutor-1] v.n.j.service.ExportDLLService           : Export Success file: DLL/ADMIN_MSOCIAL_SG/Package/PK_DANHMUC.sql
2023-11-20 13:40:58.253  INFO 18184 --- [taskExecutor-1] v.n.j.service.ExportDLLService           : Export Success file: DLL/ADMIN_MSOCIAL_SG/Package/PK_EXPORT.sql
2023-11-20 13:40:58.258  INFO 18184 --- [taskExecutor-1] v.n.j.service.ExportDLLService           : Export Success file: DLL/ADMIN_MSOCIAL_SG/Package/PK_USSD_TREE.sql
2023-11-20 13:40:58.259  INFO 18184 --- [taskExecutor-1] v.n.j.service.ExportDLLService           : Export Success file: DLL/ADMIN_MSOCIAL_SG/Package/PRO_SEQUENCE.sql
2023-11-20 13:40:58.299  INFO 18184 --- [taskExecutor-1] v.n.j.service.ExportDLLService           : Export Success file: DLL/ADMIN_MSOCIAL_SG/Package/QTHT.sql
2023-11-20 13:40:58.317  INFO 18184 --- [taskExecutor-1] v.n.j.service.ExportDLLService           : Export Success file: DLL/ADMIN_MSOCIAL_SG/Package/REPORTS.sql
2023-11-20 13:40:58.317  INFO 18184 --- [taskExecutor-1] v.n.j.service.ExportDLLService           : Export Success file: DLL/ADMIN_MSOCIAL_SG/Package/REPORT_LAYOUT.sql
2023-11-20 13:40:58.318  INFO 18184 --- [taskExecutor-1] v.n.j.service.ExportDLLService           : Export Success file: DLL/ADMIN_MSOCIAL_SG/Package/SERVICE_MGT.sql
2023-11-20 13:40:58.667  INFO 18184 --- [taskExecutor-1] v.n.j.service.ExportDLLService           : Export Success file: DLL/ADMIN_MSOCIAL_SG/Package/TELESALES_API.sql
2023-11-20 13:40:58.674  INFO 18184 --- [taskExecutor-1] v.n.j.service.ExportDLLService           : Export Success file: DLL/ADMIN_MSOCIAL_SG/Package/TK_SOTB_REG.sql
2023-11-20 13:40:58.681  INFO 18184 --- [taskExecutor-1] v.n.j.service.ExportDLLService           : Export Success file: DLL/ADMIN_MSOCIAL_SG/Package/TUYETPTM.sql
2023-11-20 13:40:58.687  INFO 18184 --- [taskExecutor-1] v.n.j.service.ExportDLLService           : Export Success file: DLL/ADMIN_MSOCIAL_SG/Package/UTIL.sql
2023-11-20 13:40:58.688  INFO 18184 --- [taskExecutor-1] v.n.j.service.ExportDLLService           : Export Success file: DLL/ADMIN_MSOCIAL_SG/Package/VAS_API.sql
2023-11-20 13:40:58.704  INFO 18184 --- [taskExecutor-1] v.n.j.service.ExportDLLService           : Export Success file: DLL/ADMIN_MSOCIAL_SG/Package/PK_BAOCAO_HH.sql
2023-11-20 13:40:58.706  INFO 18184 --- [taskExecutor-1] v.n.j.service.ExportDLLService           : Export Success file: DLL/ADMIN_MSOCIAL_SG/Package/PK_MODEL_SUPPORT.sql
2023-11-20 13:40:58.719  INFO 18184 --- [taskExecutor-1] v.n.j.service.ExportDLLService           : Export Success file: DLL/ADMIN_MSOCIAL_SG/Package/PK_AGENT_SMS_MANAGEMENT.sql
2023-11-20 13:40:58.720  INFO 18184 --- [taskExecutor-1] v.n.j.service.ExportDLLService           : Export Success file: DLL/ADMIN_MSOCIAL_SG/Package/PK_SERVICES.sql
2023-11-20 13:40:58.721  INFO 18184 --- [taskExecutor-1] v.n.j.service.ExportDLLService           : Export Success file: DLL/ADMIN_MSOCIAL_SG/Package/THOTEST.sql
2023-11-20 13:40:59.183  INFO 18184 --- [taskExecutor-1] v.n.j.service.ExportDLLService           : Export Success file: DLL/ADMIN_MSOCIAL_SG/Package/PK_SPAM_TYPE.sql
2023-11-20 13:40:59.184  INFO 18184 --- [taskExecutor-1] v.n.j.service.ExportDLLService           : Export Success file: DLL/ADMIN_MSOCIAL_SG/Package/SPAM_TEMPLATE_TYPE.sql
2023-11-20 13:40:59.194  INFO 18184 --- [taskExecutor-1] v.n.j.service.ExportDLLService           : Export Success file: DLL/ADMIN_MSOCIAL_SG/Package/PK_SOSANH_DOANHTHU.sql
2023-11-20 13:40:59.228  INFO 18184 --- [taskExecutor-1] v.n.j.service.ExportDLLService           : Export Success file: DLL/ADMIN_MSOCIAL_SG/Package/PK_SMS_OTP_SPAM.sql
2023-11-20 13:40:59.238  INFO 18184 --- [taskExecutor-1] v.n.j.service.ExportDLLService           : Export Success file: DLL/ADMIN_MSOCIAL_SG/Package/PK_CPID_CODE_CONFIG.sql
2023-11-20 13:40:59.252  INFO 18184 --- [taskExecutor-1] v.n.j.service.ExportDLLService           : Export Success file: DLL/ADMIN_MSOCIAL_SG/Package/PK_DECLARE_PACKAGE_INFO.sql
2023-11-20 13:40:59.261  INFO 18184 --- [taskExecutor-1] v.n.j.service.ExportDLLService           : Export Success file: DLL/ADMIN_MSOCIAL_SG/Package/PK_VERIFY_THE_PARTNER_IP.sql
2023-11-20 13:40:59.268  INFO 18184 --- [taskExecutor-1] v.n.j.service.ExportDLLService           : Export Success file: DLL/ADMIN_MSOCIAL_SG/Package/PK_BLACKLIST_MANAGEMENT.sql
2023-11-20 13:40:59.269  INFO 18184 --- [taskExecutor-1] v.n.j.service.ExportDLLService           : Export Success file: DLL/ADMIN_MSOCIAL_SG/Package/PK_LOG_API_INFO.sql
2023-11-20 13:40:59.276  INFO 18184 --- [taskExecutor-1] v.n.j.service.ExportDLLService           : Export Success file: DLL/ADMIN_MSOCIAL_SG/Package/A_TRACE.sql
2023-11-20 13:40:59.460  INFO 18184 --- [taskExecutor-1] v.n.j.service.ExportDLLService           : Export Success file: DLL/ADMIN_MSOCIAL_SG/Package/PK_LOG_SESSION_ACCOUNT.sql
2023-11-20 13:40:59.461  INFO 18184 --- [taskExecutor-1] v.n.j.service.ExportDLLService           : Export Success file: DLL/ADMIN_MSOCIAL_SG/Package/PK_MONITOR.sql
2023-11-20 13:40:59.476  INFO 18184 --- [taskExecutor-1] v.n.j.service.ExportDLLService           : Export Success file: DLL/ADMIN_MSOCIAL_SG/Package/PK_SMS_OTP_SPAM_AGENT.sql
2023-11-20 13:40:59.492  INFO 18184 --- [taskExecutor-1] v.n.j.service.ExportDLLService           : Export Success file: DLL/ADMIN_MSOCIAL_SG/Package/PK_SERVICE_PKG_DAIKY.sql
2023-11-20 13:41:00.058  INFO 18184 --- [taskExecutor-1] vn.ndm.jobdatabase.utils.FileUtils       : Create folder Function success!
2023-11-20 13:41:00.060  INFO 18184 --- [taskExecutor-1] v.n.j.service.ExportDLLService           : Export Success file: DLL/ADMIN_MSOCIAL_SG/Function/CONVERT_FONT.sql
2023-11-20 13:41:00.060  INFO 18184 --- [taskExecutor-1] v.n.j.service.ExportDLLService           : Export Success file: DLL/ADMIN_MSOCIAL_SG/Function/DONG_MO_DV_COBAN.sql
2023-11-20 13:41:00.061  INFO 18184 --- [taskExecutor-1] v.n.j.service.ExportDLLService           : Export Success file: DLL/ADMIN_MSOCIAL_SG/Function/F_KIEMTRA_KIEUSO.sql
2023-11-20 13:41:00.061  INFO 18184 --- [taskExecutor-1] v.n.j.service.ExportDLLService           : Export Success file: DLL/ADMIN_MSOCIAL_SG/Function/F_MARK_SAI_KIEUSO.sql
2023-11-20 13:41:00.062  INFO 18184 --- [taskExecutor-1] v.n.j.service.ExportDLLService           : Export Success file: DLL/ADMIN_MSOCIAL_SG/Function/GETSEQ.sql
2023-11-20 13:41:00.063  INFO 18184 --- [taskExecutor-1] v.n.j.service.ExportDLLService           : Export Success file: DLL/ADMIN_MSOCIAL_SG/Function/NEW_SPAM_TEMPLATE_TYPE.sql
2023-11-20 13:41:00.063  INFO 18184 --- [taskExecutor-1] v.n.j.service.ExportDLLService           : Export Success file: DLL/ADMIN_MSOCIAL_SG/Function/SF_CREATE_DYNAMIC_TABLE.sql
2023-11-20 13:41:00.064  INFO 18184 --- [taskExecutor-1] v.n.j.service.ExportDLLService           : Export Success file: DLL/ADMIN_MSOCIAL_SG/Function/TESTPHAT.sql
2023-11-20 13:41:00.065  INFO 18184 --- [taskExecutor-1] v.n.j.service.ExportDLLService           : Export Success file: DLL/ADMIN_MSOCIAL_SG/Function/UTD_KHONGDAU.sql
2023-11-20 13:41:00.139  INFO 18184 --- [taskExecutor-1] vn.ndm.jobdatabase.utils.FileUtils       : Create folder Procedure success!
2023-11-20 13:41:00.524  INFO 18184 --- [taskExecutor-1] vn.ndm.jobdatabase.utils.FileUtils       : Create folder Sequence success!
2023-11-20 13:41:00.525  INFO 18184 --- [taskExecutor-1] v.n.j.service.ExportDLLService           : Export Success file: DLL/ADMIN_MSOCIAL_SG/Sequence/ACT_BUG_SEQ.sql
2023-11-20 13:41:00.525  INFO 18184 --- [taskExecutor-1] v.n.j.service.ExportDLLService           : Export Success file: DLL/ADMIN_MSOCIAL_SG/Sequence/ACT_BUG_SEVERITY_SEQ.sql
2023-11-20 13:41:00.526  INFO 18184 --- [taskExecutor-1] v.n.j.service.ExportDLLService           : Export Success file: DLL/ADMIN_MSOCIAL_SG/Sequence/ACT_BUG_STATUS_SEQ.sql
2023-11-20 13:41:00.526  INFO 18184 --- [taskExecutor-1] v.n.j.service.ExportDLLService           : Export Success file: DLL/ADMIN_MSOCIAL_SG/Sequence/ACT_MODULE_SEQ.sql
2023-11-20 13:41:00.527  INFO 18184 --- [taskExecutor-1] v.n.j.service.ExportDLLService           : Export Success file: DLL/ADMIN_MSOCIAL_SG/Sequence/BCS.sql
2023-11-20 13:41:00.528  INFO 18184 --- [taskExecutor-1] v.n.j.service.ExportDLLService           : Export Success file: DLL/ADMIN_MSOCIAL_SG/Sequence/CDB_LOG_SESSION.sql
2023-11-20 13:41:00.528  INFO 18184 --- [taskExecutor-1] v.n.j.service.ExportDLLService           : Export Success file: DLL/ADMIN_MSOCIAL_SG/Sequence/CDI_TMP_RPT_SEQ.sql
2023-11-20 13:41:00.529  INFO 18184 --- [taskExecutor-1] v.n.j.service.ExportDLLService           : Export Success file: DLL/ADMIN_MSOCIAL_SG/Sequence/CDR_CODE_SEQ.sql
2023-11-20 13:41:00.529  INFO 18184 --- [taskExecutor-1] v.n.j.service.ExportDLLService           : Export Success file: DLL/ADMIN_MSOCIAL_SG/Sequence/CF_SEQ.sql
2023-11-20 13:41:00.530  INFO 18184 --- [taskExecutor-1] v.n.j.service.ExportDLLService           : Export Success file: DLL/ADMIN_MSOCIAL_SG/Sequence/CI_REFERENCE_RANGES_SEQ.sql
2023-11-20 13:41:00.679  INFO 18184 --- [taskExecutor-1] v.n.j.service.ExportDLLService           : Export Success file: DLL/ADMIN_MSOCIAL_SG/Sequence/CK_PARAM_ID_SEQUENCE.sql
2023-11-20 13:41:00.680  INFO 18184 --- [taskExecutor-1] v.n.j.service.ExportDLLService           : Export Success file: DLL/ADMIN_MSOCIAL_SG/Sequence/CK_RPG_ID_SEQUENCE.sql
2023-11-20 13:41:00.680  INFO 18184 --- [taskExecutor-1] v.n.j.service.ExportDLLService           : Export Success file: DLL/ADMIN_MSOCIAL_SG/Sequence/CK_RPT_ID_SEQUENCE.sql
2023-11-20 13:41:00.681  INFO 18184 --- [taskExecutor-1] v.n.j.service.ExportDLLService           : Export Success file: DLL/ADMIN_MSOCIAL_SG/Sequence/COMMANDS_ID_SEQ.sql
2023-11-20 13:41:00.682  INFO 18184 --- [taskExecutor-1] v.n.j.service.ExportDLLService           : Export Success file: DLL/ADMIN_MSOCIAL_SG/Sequence/COMMANDS_RESULTS_ID_SEQ.sql
2023-11-20 13:41:00.682  INFO 18184 --- [taskExecutor-1] v.n.j.service.ExportDLLService           : Export Success file: DLL/ADMIN_MSOCIAL_SG/Sequence/COMMAND_STATUS_ID_SEQ.sql
2023-11-20 13:41:00.683  INFO 18184 --- [taskExecutor-1] v.n.j.service.ExportDLLService           : Export Success file: DLL/ADMIN_MSOCIAL_SG/Sequence/COMMAND_TYPE_ID_SEQ.sql
2023-11-20 13:41:00.683  INFO 18184 --- [taskExecutor-1] v.n.j.service.ExportDLLService           : Export Success file: DLL/ADMIN_MSOCIAL_SG/Sequence/COMMAND_TYPE_SERVICE_ID_SEQ.sql
2023-11-20 13:41:00.684  INFO 18184 --- [taskExecutor-1] v.n.j.service.ExportDLLService           : Export Success file: DLL/ADMIN_MSOCIAL_SG/Sequence/COMPANY_SEQ.sql
2023-11-20 13:41:00.684  INFO 18184 --- [taskExecutor-1] v.n.j.service.ExportDLLService           : Export Success file: DLL/ADMIN_MSOCIAL_SG/Sequence/DANGKY_3G_SEQ.sql
2023-11-20 13:41:00.968  INFO 18184 --- [taskExecutor-1] v.n.j.service.ExportDLLService           : Export Success file: DLL/ADMIN_MSOCIAL_SG/Sequence/DISCOUNT_TEMPLATE_SEQ.sql
2023-11-20 13:41:00.969  INFO 18184 --- [taskExecutor-1] v.n.j.service.ExportDLLService           : Export Success file: DLL/ADMIN_MSOCIAL_SG/Sequence/DM_SEQ.sql
2023-11-20 13:41:00.970  INFO 18184 --- [taskExecutor-1] v.n.j.service.ExportDLLService           : Export Success file: DLL/ADMIN_MSOCIAL_SG/Sequence/ETRTRGT.sql
2023-11-20 13:41:00.971  INFO 18184 --- [taskExecutor-1] v.n.j.service.ExportDLLService           : Export Success file: DLL/ADMIN_MSOCIAL_SG/Sequence/KHOSO_SEQ.sql
2023-11-20 13:41:00.971  INFO 18184 --- [taskExecutor-1] v.n.j.service.ExportDLLService           : Export Success file: DLL/ADMIN_MSOCIAL_SG/Sequence/LCD_CONTENT_FILE_SEQ.sql
2023-11-20 13:41:00.972  INFO 18184 --- [taskExecutor-1] v.n.j.service.ExportDLLService           : Export Success file: DLL/ADMIN_MSOCIAL_SG/Sequence/LCD_CONTENT_SEQ.sql
2023-11-20 13:41:00.973  INFO 18184 --- [taskExecutor-1] v.n.j.service.ExportDLLService           : Export Success file: DLL/ADMIN_MSOCIAL_SG/Sequence/LCD_CONTRACT.sql
2023-11-20 13:41:00.973  INFO 18184 --- [taskExecutor-1] v.n.j.service.ExportDLLService           : Export Success file: DLL/ADMIN_MSOCIAL_SG/Sequence/LCD_CUSTOMER.sql
2023-11-20 13:41:00.974  INFO 18184 --- [taskExecutor-1] v.n.j.service.ExportDLLService           : Export Success file: DLL/ADMIN_MSOCIAL_SG/Sequence/LCD_DEVICE_HISTORY_SEQ.sql
2023-11-20 13:41:00.974  INFO 18184 --- [taskExecutor-1] v.n.j.service.ExportDLLService           : Export Success file: DLL/ADMIN_MSOCIAL_SG/Sequence/LCD_FILE_TEMP_SEQ.sql
2023-11-20 13:41:01.153  INFO 18184 --- [taskExecutor-1] v.n.j.service.ExportDLLService           : Export Success file: DLL/ADMIN_MSOCIAL_SG/Sequence/LCD_SEQ.sql
2023-11-20 13:41:01.154  INFO 18184 --- [taskExecutor-1] v.n.j.service.ExportDLLService           : Export Success file: DLL/ADMIN_MSOCIAL_SG/Sequence/LCD_VOTING_SCRIPT_SEQ.sql
2023-11-20 13:41:01.155  INFO 18184 --- [taskExecutor-1] v.n.j.service.ExportDLLService           : Export Success file: DLL/ADMIN_MSOCIAL_SG/Sequence/LCD_VOTING_SEQ.sql
2023-11-20 13:41:01.156  INFO 18184 --- [taskExecutor-1] v.n.j.service.ExportDLLService           : Export Success file: DLL/ADMIN_MSOCIAL_SG/Sequence/MENU_WEBSITE_SEQ.sql
2023-11-20 13:41:01.156  INFO 18184 --- [taskExecutor-1] v.n.j.service.ExportDLLService           : Export Success file: DLL/ADMIN_MSOCIAL_SG/Sequence/MOBILE_SEQ.sql
2023-11-20 13:41:01.157  INFO 18184 --- [taskExecutor-1] v.n.j.service.ExportDLLService           : Export Success file: DLL/ADMIN_MSOCIAL_SG/Sequence/NEWS_GROUP_SEQ.sql
2023-11-20 13:41:01.157  INFO 18184 --- [taskExecutor-1] v.n.j.service.ExportDLLService           : Export Success file: DLL/ADMIN_MSOCIAL_SG/Sequence/NEWS_SEQ.sql
2023-11-20 13:41:01.158  INFO 18184 --- [taskExecutor-1] v.n.j.service.ExportDLLService           : Export Success file: DLL/ADMIN_MSOCIAL_SG/Sequence/PARTNER_SEQ.sql
2023-11-20 13:41:01.158  INFO 18184 --- [taskExecutor-1] v.n.j.service.ExportDLLService           : Export Success file: DLL/ADMIN_MSOCIAL_SG/Sequence/PHIEU_DANGKY_SEQ.sql
2023-11-20 13:41:01.159  INFO 18184 --- [taskExecutor-1] v.n.j.service.ExportDLLService           : Export Success file: DLL/ADMIN_MSOCIAL_SG/Sequence/POLICY_SUBSCRIBER_ID_SEQ.sql
2023-11-20 13:41:01.373  INFO 18184 --- [taskExecutor-1] v.n.j.service.ExportDLLService           : Export Success file: DLL/ADMIN_MSOCIAL_SG/Sequence/POLICY_SUBSCRIBER_TYPE_ID_SEQ.sql
2023-11-20 13:41:01.374  INFO 18184 --- [taskExecutor-1] v.n.j.service.ExportDLLService           : Export Success file: DLL/ADMIN_MSOCIAL_SG/Sequence/PRODUCT_CATE_SEQ.sql
2023-11-20 13:41:01.374  INFO 18184 --- [taskExecutor-1] v.n.j.service.ExportDLLService           : Export Success file: DLL/ADMIN_MSOCIAL_SG/Sequence/PRODUCT_CLASSIFY_SEQ.sql
2023-11-20 13:41:01.375  INFO 18184 --- [taskExecutor-1] v.n.j.service.ExportDLLService           : Export Success file: DLL/ADMIN_MSOCIAL_SG/Sequence/PRODUCT_SEQ.sql
2023-11-20 13:41:01.375  INFO 18184 --- [taskExecutor-1] v.n.j.service.ExportDLLService           : Export Success file: DLL/ADMIN_MSOCIAL_SG/Sequence/PRODUCT_TYPE_SEQ.sql
2023-11-20 13:41:01.376  INFO 18184 --- [taskExecutor-1] v.n.j.service.ExportDLLService           : Export Success file: DLL/ADMIN_MSOCIAL_SG/Sequence/PRODUCT_UNEQUAL_SEQ.sql
2023-11-20 13:41:01.377  INFO 18184 --- [taskExecutor-1] v.n.j.service.ExportDLLService           : Export Success file: DLL/ADMIN_MSOCIAL_SG/Sequence/REPORT_DYNAMIC_PARAM_GROUP_SEQ.sql
2023-11-20 13:41:01.377  INFO 18184 --- [taskExecutor-1] v.n.j.service.ExportDLLService           : Export Success file: DLL/ADMIN_MSOCIAL_SG/Sequence/REPORT_DYNAMIC_PARAM_SEQ.sql
2023-11-20 13:41:01.378  INFO 18184 --- [taskExecutor-1] v.n.j.service.ExportDLLService           : Export Success file: DLL/ADMIN_MSOCIAL_SG/Sequence/REPORT_GROUP_SEQ.sql
2023-11-20 13:41:01.379  INFO 18184 --- [taskExecutor-1] v.n.j.service.ExportDLLService           : Export Success file: DLL/ADMIN_MSOCIAL_SG/Sequence/RM_ACTIVITY_LABEL.sql
2023-11-20 13:41:01.527  INFO 18184 --- [taskExecutor-1] v.n.j.service.ExportDLLService           : Export Success file: DLL/ADMIN_MSOCIAL_SG/Sequence/RM_IDGENERATOR.sql
2023-11-20 13:41:01.528  INFO 18184 --- [taskExecutor-1] v.n.j.service.ExportDLLService           : Export Success file: DLL/ADMIN_MSOCIAL_SG/Sequence/RPT_SEQ.sql
2023-11-20 13:41:01.529  INFO 18184 --- [taskExecutor-1] v.n.j.service.ExportDLLService           : Export Success file: DLL/ADMIN_MSOCIAL_SG/Sequence/SAL_SEQ.sql
2023-11-20 13:41:01.530  INFO 18184 --- [taskExecutor-1] v.n.j.service.ExportDLLService           : Export Success file: DLL/ADMIN_MSOCIAL_SG/Sequence/SCHED_TYPE_SERVICE_SEQ.sql
2023-11-20 13:41:01.530  INFO 18184 --- [taskExecutor-1] v.n.j.service.ExportDLLService           : Export Success file: DLL/ADMIN_MSOCIAL_SG/Sequence/SCRIPT_CHANNEL_ID_SEQ.sql
2023-11-20 13:41:01.530  INFO 18184 --- [taskExecutor-1] v.n.j.service.ExportDLLService           : Export Success file: DLL/ADMIN_MSOCIAL_SG/Sequence/SCRIPT_MO_MT_ID_SEQ.sql
2023-11-20 13:41:01.531  INFO 18184 --- [taskExecutor-1] v.n.j.service.ExportDLLService           : Export Success file: DLL/ADMIN_MSOCIAL_SG/Sequence/SCRIPT_PARTNER_AGENT_ID_SEQ.sql
2023-11-20 13:41:01.532  INFO 18184 --- [taskExecutor-1] v.n.j.service.ExportDLLService           : Export Success file: DLL/ADMIN_MSOCIAL_SG/Sequence/SCRIPT_SPAM_TEMPLATE_ID_SEQ.sql
2023-11-20 13:41:01.532  INFO 18184 --- [taskExecutor-1] v.n.j.service.ExportDLLService           : Export Success file: DLL/ADMIN_MSOCIAL_SG/Sequence/SCRIPT_TIP_ID_SEQ.sql
2023-11-20 13:41:01.532  INFO 18184 --- [taskExecutor-1] v.n.j.service.ExportDLLService           : Export Success file: DLL/ADMIN_MSOCIAL_SG/Sequence/SDD_EL_SEQ.sql
2023-11-20 13:41:01.753  INFO 18184 --- [taskExecutor-1] v.n.j.service.ExportDLLService           : Export Success file: DLL/ADMIN_MSOCIAL_SG/Sequence/SEQ_AGENT_SECURITY_CONFIG.sql
2023-11-20 13:41:01.754  INFO 18184 --- [taskExecutor-1] v.n.j.service.ExportDLLService           : Export Success file: DLL/ADMIN_MSOCIAL_SG/Sequence/SEQ_CFF_ID.sql
2023-11-20 13:41:01.755  INFO 18184 --- [taskExecutor-1] v.n.j.service.ExportDLLService           : Export Success file: DLL/ADMIN_MSOCIAL_SG/Sequence/SEQ_CMDV.sql
2023-11-20 13:41:01.756  INFO 18184 --- [taskExecutor-1] v.n.j.service.ExportDLLService           : Export Success file: DLL/ADMIN_MSOCIAL_SG/Sequence/SEQ_MENU_ID.sql
2023-11-20 13:41:01.756  INFO 18184 --- [taskExecutor-1] v.n.j.service.ExportDLLService           : Export Success file: DLL/ADMIN_MSOCIAL_SG/Sequence/SEQ_OPERATOR.sql
2023-11-20 13:41:01.758  INFO 18184 --- [taskExecutor-1] v.n.j.service.ExportDLLService           : Export Success file: DLL/ADMIN_MSOCIAL_SG/Sequence/SEQ_SPECIAL_DAY.sql
2023-11-20 13:41:01.758  INFO 18184 --- [taskExecutor-1] v.n.j.service.ExportDLLService           : Export Success file: DLL/ADMIN_MSOCIAL_SG/Sequence/SEQ_TOOLBAR_ID.sql
2023-11-20 13:41:01.758  INFO 18184 --- [taskExecutor-1] v.n.j.service.ExportDLLService           : Export Success file: DLL/ADMIN_MSOCIAL_SG/Sequence/SEQ_WZ_TABLE_ID.sql
2023-11-20 13:41:01.760  INFO 18184 --- [taskExecutor-1] v.n.j.service.ExportDLLService           : Export Success file: DLL/ADMIN_MSOCIAL_SG/Sequence/SERVICE_INFO_SEQ.sql
2023-11-20 13:41:01.761  INFO 18184 --- [taskExecutor-1] v.n.j.service.ExportDLLService           : Export Success file: DLL/ADMIN_MSOCIAL_SG/Sequence/SERVICE_SEQ.sql
2023-11-20 13:41:01.932  INFO 18184 --- [taskExecutor-1] v.n.j.service.ExportDLLService           : Export Success file: DLL/ADMIN_MSOCIAL_SG/Sequence/SERVICE_TYPE_SEQ.sql
2023-11-20 13:41:01.932  INFO 18184 --- [taskExecutor-1] v.n.j.service.ExportDLLService           : Export Success file: DLL/ADMIN_MSOCIAL_SG/Sequence/SMS_CATE_ID_SEQ.sql
2023-11-20 13:41:01.933  INFO 18184 --- [taskExecutor-1] v.n.j.service.ExportDLLService           : Export Success file: DLL/ADMIN_MSOCIAL_SG/Sequence/SMS_MT_TYPE_ID_SEQ.sql
2023-11-20 13:41:01.934  INFO 18184 --- [taskExecutor-1] v.n.j.service.ExportDLLService           : Export Success file: DLL/ADMIN_MSOCIAL_SG/Sequence/SMS_OTP_SPAM_CODE_SEQ.sql
2023-11-20 13:41:01.935  INFO 18184 --- [taskExecutor-1] v.n.j.service.ExportDLLService           : Export Success file: DLL/ADMIN_MSOCIAL_SG/Sequence/SQLN_PROF_NUMBER.sql
2023-11-20 13:41:01.935  INFO 18184 --- [taskExecutor-1] v.n.j.service.ExportDLLService           : Export Success file: DLL/ADMIN_MSOCIAL_SG/Sequence/SYNC_MEXPRESS_SEQ.sql
2023-11-20 13:41:01.936  INFO 18184 --- [taskExecutor-1] v.n.j.service.ExportDLLService           : Export Success file: DLL/ADMIN_MSOCIAL_SG/Sequence/SYNC_MPLUS_SEQ.sql
2023-11-20 13:41:01.937  INFO 18184 --- [taskExecutor-1] v.n.j.service.ExportDLLService           : Export Success file: DLL/ADMIN_MSOCIAL_SG/Sequence/SYNC_MWORLD_SEQ.sql
2023-11-20 13:41:01.937  INFO 18184 --- [taskExecutor-1] v.n.j.service.ExportDLLService           : Export Success file: DLL/ADMIN_MSOCIAL_SG/Sequence/SYNC_VIDEOSMS_SEQ.sql
2023-11-20 13:41:01.938  INFO 18184 --- [taskExecutor-1] v.n.j.service.ExportDLLService           : Export Success file: DLL/ADMIN_MSOCIAL_SG/Sequence/TIP_PKG_GAP_ID_SEQ.sql
2023-11-20 13:41:01.985  INFO 18184 --- [taskExecutor-1] v.n.j.service.ExportDLLService           : Export Success file: DLL/ADMIN_MSOCIAL_SG/Sequence/TIP_PKG_GAP_RANGE_ID_SEQ.sql
2023-11-20 13:41:01.986  INFO 18184 --- [taskExecutor-1] v.n.j.service.ExportDLLService           : Export Success file: DLL/ADMIN_MSOCIAL_SG/Sequence/TRIGGERVIEW_SEQ.sql
2023-11-20 13:41:01.987  INFO 18184 --- [taskExecutor-1] v.n.j.service.ExportDLLService           : Export Success file: DLL/ADMIN_MSOCIAL_SG/Sequence/XXX.sql
2023-11-20 13:41:02.213  INFO 18184 --- [taskExecutor-1] vn.ndm.jobdatabase.utils.FileUtils       : Create folder Trigger success!
2023-11-20 13:41:03.416  INFO 18184 --- [taskExecutor-1] vn.ndm.jobdatabase.utils.FileUtils       : Create folder Table success!
2023-11-20 13:41:03.417  INFO 18184 --- [taskExecutor-1] v.n.j.service.ExportDLLService           : Export Success file: DLL/ADMIN_MSOCIAL_SG/Table/USERS_PARTNER.sql
2023-11-20 13:41:03.417  INFO 18184 --- [taskExecutor-1] v.n.j.service.ExportDLLService           : Export Success file: DLL/ADMIN_MSOCIAL_SG/Table/USER_123.sql
2023-11-20 13:41:03.418  INFO 18184 --- [taskExecutor-1] v.n.j.service.ExportDLLService           : Export Success file: DLL/ADMIN_MSOCIAL_SG/Table/AGENT.sql
2023-11-20 13:41:03.419  INFO 18184 --- [taskExecutor-1] v.n.j.service.ExportDLLService           : Export Success file: DLL/ADMIN_MSOCIAL_SG/Table/MENU.sql
2023-11-20 13:41:03.420  INFO 18184 --- [taskExecutor-1] v.n.j.service.ExportDLLService           : Export Success file: DLL/ADMIN_MSOCIAL_SG/Table/MENU_ACCESS.sql
2023-11-20 13:41:03.421  INFO 18184 --- [taskExecutor-1] v.n.j.service.ExportDLLService           : Export Success file: DLL/ADMIN_MSOCIAL_SG/Table/PARTNER.sql
2023-11-20 13:41:03.422  INFO 18184 --- [taskExecutor-1] v.n.j.service.ExportDLLService           : Export Success file: DLL/ADMIN_MSOCIAL_SG/Table/ROLE.sql
2023-11-20 13:41:03.422  INFO 18184 --- [taskExecutor-1] v.n.j.service.ExportDLLService           : Export Success file: DLL/ADMIN_MSOCIAL_SG/Table/SERVICE_ROLE.sql
2023-11-20 13:41:03.423  INFO 18184 --- [taskExecutor-1] v.n.j.service.ExportDLLService           : Export Success file: DLL/ADMIN_MSOCIAL_SG/Table/SQLN_EXPLAIN_PLAN.sql
2023-11-20 13:41:03.424  INFO 18184 --- [taskExecutor-1] v.n.j.service.ExportDLLService           : Export Success file: DLL/ADMIN_MSOCIAL_SG/Table/TEST1.sql
2023-11-20 13:41:14.729  INFO 18184 --- [taskExecutor-1] v.n.j.service.ExportDLLService           : Export Success file: DLL/ADMIN_MSOCIAL_SG/Table/USER_INFO.sql
2023-11-20 13:41:14.730  INFO 18184 --- [taskExecutor-1] v.n.j.service.ExportDLLService           : Export Success file: DLL/ADMIN_MSOCIAL_SG/Table/USER_ROLE.sql
2023-11-20 13:41:14.731  INFO 18184 --- [taskExecutor-1] v.n.j.service.ExportDLLService           : Export Success file: DLL/ADMIN_MSOCIAL_SG/Table/TEST.sql
2023-11-20 13:41:14.731  INFO 18184 --- [taskExecutor-1] v.n.j.service.ExportDLLService           : Export Success file: DLL/ADMIN_MSOCIAL_SG/Table/CDR_CODE.sql
2023-11-20 13:41:14.756  INFO 18184 --- [taskExecutor-1] vn.ndm.jobdatabase.utils.FileUtils       : Create folder View success!
2023-11-20 13:41:16.249  INFO 18184 --- [taskExecutor-1] vn.ndm.jobdatabase.utils.FileUtils       : Create folder Index success!
2023-11-20 13:41:16.250  INFO 18184 --- [taskExecutor-1] v.n.j.service.ExportDLLService           : Export Success file: DLL/ADMIN_MSOCIAL_SG/Index/SYS_IL0000381538C00001$$.sql
2023-11-20 13:41:16.298  INFO 18184 --- [taskExecutor-1] vn.ndm.jobdatabase.utils.FileUtils       : Create folder Queue_Table success!
2023-11-20 13:41:16.326  INFO 18184 --- [taskExecutor-1] v.n.j.service.ExportDLLService           : Error export: ORA-00904: "QUEUE_NAME": invalid identifier

